[0mGET /users/sign-out [36m302[0m 150.314 ms - 46[0m
[0mGET / [32m200[0m 129.829 ms - 3690[0m
[0mGET /users/sign-in [36m304[0m 15.906 ms - -[0m
[0mPOST /users/create-session [36m302[0m 36.255 ms - 46[0m
[0mGET / [32m200[0m 48.121 ms - 4589[0m
[0mGET / [36m304[0m 76.135 ms - -[0m
[0mGET / [32m200[0m 193.592 ms - 3690[0m
[0mGET / [36m304[0m 116.068 ms - -[0m
[0mGET / [36m304[0m 70.181 ms - -[0m
[0mGET /users/sign-in [36m304[0m 12.301 ms - -[0m
[0mPOST /users/create-session [36m302[0m 19.829 ms - 46[0m
[0mGET / [32m200[0m 68.519 ms - 9159[0m
[0mGET / [32m200[0m 45.552 ms - 9303[0m
[0mGET / [32m200[0m 32.429 ms - 9181[0m
[0mGET / [32m200[0m 36.640 ms - 9249[0m
[0mPOST /posts/create [0m-[0m - ms - -[0m
[0mGET / [32m200[0m 27.989 ms - 9248[0m
[0mPOST /posts/create [0m-[0m - ms - -[0m
[0mGET / [36m304[0m 47.288 ms - -[0m
[0mGET / [36m304[0m 115.531 ms - -[0m
[0mPOST /posts/create [0m-[0m - ms - -[0m
[0mGET / [36m304[0m 96.819 ms - -[0m
[0mPOST /posts/create [0m-[0m - ms - -[0m
[0mPOST /posts/create [0m-[0m - ms - -[0m
[0mGET / [32m200[0m 116.524 ms - 9278[0m
[0mGET / [36m304[0m 97.609 ms - -[0m
[0mGET / [36m304[0m 138.161 ms - -[0m
[0mGET / [36m304[0m 116.612 ms - -[0m
[0mPOST /users/create-session [36m302[0m 60.956 ms - 46[0m
[0mGET / [36m304[0m 85.227 ms - -[0m
[0mPOST /posts/create [36m302[0m 52.308 ms - 88[0m
[0mGET / [32m200[0m 67.933 ms - 10762[0m
[0mGET / [36m304[0m 132.759 ms - -[0m
[0mPOST /posts/create [36m302[0m 81.372 ms - 88[0m
[0mGET / [32m200[0m 53.928 ms - 12247[0m
[0mGET / [32m200[0m 132.965 ms - 12104[0m
[0mGET / [36m304[0m 76.480 ms - -[0m
[0mGET / [36m304[0m 77.394 ms - -[0m
[0mPOST /posts/create [36m302[0m 46.673 ms - 88[0m
[0mGET / [32m200[0m 62.012 ms - 13580[0m
[0mGET / [32m200[0m 125.004 ms - 13610[0m
[0mGET / [36m304[0m 59.362 ms - -[0m
[0mGET / [36m304[0m 64.603 ms - -[0m
[0mGET / [36m304[0m 28.711 ms - -[0m
[0mGET / [36m304[0m 30.028 ms - -[0m
[0mGET /posts/destroy/63496ec5d0ecfb5fa90217e7 [36m302[0m 49.903 ms - 88[0m
[0mGET / [32m200[0m 31.450 ms - 12130[0m
[0mGET / [36m304[0m 20.269 ms - -[0m
[0mGET / [36m304[0m 23.061 ms - -[0m
[0mGET / [36m304[0m 26.526 ms - -[0m
[0mGET / [36m304[0m 47.653 ms - -[0m
[0mGET / [36m304[0m 24.954 ms - -[0m
[0mGET / [36m304[0m 56.809 ms - -[0m
[0mGET / [36m304[0m 24.826 ms - -[0m
[0mGET /posts/destroy/6346d7bb4271be1f53c7f4fc [36m302[0m 102.746 ms - 88[0m
[0mGET / [32m200[0m 41.964 ms - 8644[0m
[0mGET /posts/destroy/6346ff1952af18aed0af7aa3 [36m302[0m 30.337 ms - 88[0m
[0mGET / [32m200[0m 40.859 ms - 7209[0m
[0mGET / [36m304[0m 34.056 ms - -[0m
[0mGET / [36m304[0m 92.033 ms - -[0m
[0mGET / [36m304[0m 73.943 ms - -[0m
[0mGET / [36m304[0m 79.071 ms - -[0m
[0mPOST /posts/create [36m302[0m 56.829 ms - 88[0m
[0mGET / [32m200[0m 38.990 ms - 8698[0m
[0mGET /posts/destroy/634972ac48abfab6719ce234 [36m302[0m 55.158 ms - 88[0m
[0mGET / [32m200[0m 59.761 ms - 7209[0m
[0mPOST /posts/create [36m302[0m 47.954 ms - 88[0m
[0mGET / [32m200[0m 58.881 ms - 8697[0m
[0mGET /likes/toogle/?id=634972cc48abfab6719ce245&type=Post [36m302[0m 51.940 ms - 88[0m
[0mGET / [32m200[0m 33.059 ms - 8697[0m
[0mGET /posts/destroy/63496ef30eca1bc9ae4cb207 [36m302[0m 41.927 ms - 88[0m
[0mGET / [32m200[0m 35.337 ms - 7217[0m
[0mPOST /comments/create [36m302[0m 37.198 ms - 46[0m
[0mGET / [32m200[0m 28.381 ms - 7600[0m
[0mGET /likes/toogle/?id=6349735b48abfab6719ce264&type=Comment [36m302[0m 56.321 ms - 88[0m
[0mGET / [32m200[0m 29.886 ms - 7600[0m
[0mGET / [31m500[0m 37.233 ms - 1723[0m
[0mGET / [32m200[0m 32.843 ms - 7601[0m
[0mGET / [32m200[0m 21.664 ms - 7619[0m
[0mGET / [36m304[0m 46.956 ms - -[0m
[0mGET / [32m200[0m 27.356 ms - 7633[0m
[0mGET /users/sign-out [36m302[0m 29.216 ms - 46[0m
[0mGET / [32m200[0m 37.733 ms - 3775[0m
[0mGET / [36m304[0m 37.566 ms - -[0m
[0mGET / [31m500[0m 36.418 ms - 1721[0m
[0mGET / [32m200[0m 50.530 ms - 4971[0m
[0mGET / [32m200[0m 31.531 ms - 5009[0m
[0mGET /users/sign-in [36m304[0m 17.627 ms - -[0m
[0mPOST /users/create-session [36m302[0m 33.595 ms - 46[0m
[0mGET / [32m200[0m 33.408 ms - 7643[0m
[0mGET /users/sign-out [36m302[0m 29.019 ms - 46[0m
[0mGET / [32m200[0m 26.558 ms - 5009[0m
[0mGET /users/sign-in [36m304[0m 52.946 ms - -[0m
[0mPOST /users/create-session [36m302[0m 54.935 ms - 46[0m
[0mGET / [32m200[0m 36.804 ms - 7643[0m
[0mGET /likes/toogle/?id=63496fa60eca1bc9ae4cb222&type=Post [36m302[0m 46.852 ms - 88[0m
[0mGET / [32m200[0m 17.160 ms - 7643[0m
[0mGET /likes/toogle/?id=63496fa60eca1bc9ae4cb222&type=Post [36m302[0m 39.957 ms - 88[0m
[0mGET / [32m200[0m 19.830 ms - 7643[0m
[0mGET / [32m200[0m 90.379 ms - 7861[0m
[0mGET / [32m200[0m 22.444 ms - 7643[0m
[0mGET / [32m200[0m 108.377 ms - 8053[0m
[0mGET / [32m200[0m 26.694 ms - 8049[0m
[0mGET / [32m200[0m 87.253 ms - 8053[0m
[0mGET /likes/toogle/?id=63496fa60eca1bc9ae4cb222&type=Post [36m302[0m 43.082 ms - 88[0m
[0mGET / [36m304[0m 30.822 ms - -[0m
[0mGET /likes/toogle/?id=63496fa60eca1bc9ae4cb222&type=Post [36m302[0m 31.803 ms - 88[0m
[0mGET / [36m304[0m 23.870 ms - -[0m
[0mGET /likes/toogle/?id=63496fa60eca1bc9ae4cb222&type=Post [36m302[0m 32.415 ms - 88[0m
[0mGET / [32m200[0m 14.626 ms - 8053[0m
[0mGET /likes/toogle/?id=63496fa60eca1bc9ae4cb222&type=Post [36m302[0m 25.219 ms - 88[0m
[0mGET / [32m200[0m 14.212 ms - 8053[0m
[0mGET / [32m200[0m 31.957 ms - 7643[0m
[0mGET /likes/toogle/?id=63496fa60eca1bc9ae4cb222&type=Post [36m302[0m 117.918 ms - 88[0m
[0mGET / [36m304[0m 66.189 ms - -[0m
[0mGET /likes/toogle/?id=63496fa60eca1bc9ae4cb222&type=Post [36m302[0m 59.925 ms - 88[0m
[0mGET / [36m304[0m 37.807 ms - -[0m
[0mGET / [36m304[0m 119.235 ms - -[0m
[0mGET /likes/toogle/?id=63496fa60eca1bc9ae4cb222&type=Post [36m302[0m 78.580 ms - 88[0m
[0mGET / [32m200[0m 33.748 ms - 7643[0m
[0mGET /likes/toogle/?id=63496fa60eca1bc9ae4cb222&type=Post [36m302[0m 83.871 ms - 88[0m
[0mGET / [32m200[0m 53.584 ms - 7643[0m
[0mGET /likes/toogle/?id=63496fa60eca1bc9ae4cb222&type=Post [36m302[0m 60.034 ms - 88[0m
[0mGET / [32m200[0m 46.177 ms - 7643[0m
[0mGET /likes/toogle/?id=63496fa60eca1bc9ae4cb222&type=Post [36m302[0m 83.572 ms - 88[0m
[0mGET / [32m200[0m 61.844 ms - 7643[0m
[0mGET /likes/toogle/?id=63496fa60eca1bc9ae4cb222&type=Post [36m302[0m 163.321 ms - 88[0m
[0mGET / [36m304[0m 261.834 ms - -[0m
[0mGET /likes/toogle/?id=63496fa60eca1bc9ae4cb222&type=Post [36m302[0m 81.974 ms - 88[0m
[0mGET / [36m304[0m 37.536 ms - -[0m
[0mGET /likes/toogle/?id=63496fa60eca1bc9ae4cb222&type=Post [36m302[0m 57.802 ms - 88[0m
[0mGET / [32m200[0m 41.322 ms - 7643[0m
[0mGET /likes/toogle/?id=63496fa60eca1bc9ae4cb222&type=Post [36m302[0m 42.294 ms - 88[0m
[0mGET / [32m200[0m 41.727 ms - 7643[0m
[0mGET /likes/toogle/?id=63496fa60eca1bc9ae4cb222&type=Post [36m302[0m 48.325 ms - 88[0m
[0mGET / [32m200[0m 34.196 ms - 7643[0m
[0mGET / [36m304[0m 132.628 ms - -[0m
[0mGET /likes/toogle/?id=63496fa60eca1bc9ae4cb222&type=Post [31m500[0m 80.219 ms - 35[0m
[0mGET /likes/toogle/?id=63496fa60eca1bc9ae4cb222&type=Post [31m500[0m 91.055 ms - 35[0m
[0mGET / [36m304[0m 96.566 ms - -[0m
[0mGET /likes/toogle/?id=63496fa60eca1bc9ae4cb222&type=Post [31m500[0m 52.920 ms - 35[0m
[0mGET /likes/toogle/?id=63496fa60eca1bc9ae4cb222&type=Post [31m500[0m 55.117 ms - 35[0m
[0mGET /likes/toogle/?id=63496fa60eca1bc9ae4cb222&type=Post [36m302[0m 80.473 ms - 88[0m
[0mGET / [32m200[0m 50.203 ms - 7643[0m
[0mGET / [36m304[0m 105.994 ms - -[0m
[0mGET /likes/toogle/?id=634972cc48abfab6719ce245&type=Post [36m302[0m 65.003 ms - 88[0m
[0mGET / [32m200[0m 31.553 ms - 7643[0m
[0mGET / [36m304[0m 111.321 ms - -[0m
[0mGET /likes/toogle/?id=63496fa60eca1bc9ae4cb222&type=Post [36m302[0m 83.348 ms - 88[0m
[0mGET / [32m200[0m 53.664 ms - 7643[0m
[0mGET / [31m500[0m 106.153 ms - 2128[0m
[0mGET / [31m500[0m 65.895 ms - 2172[0m
[0mGET / [31m500[0m 109.939 ms - 2172[0m
[0mGET / [31m500[0m 99.297 ms - 2172[0m
[0mGET / [32m200[0m 62.989 ms - 7829[0m
[0mGET /like_script.js [33m404[0m 11.106 ms - 153[0m
[0mGET /like_script.js [33m404[0m 19.989 ms - 153[0m
[0mGET /likes/toogle/?id=63496fa60eca1bc9ae4cb222&type=Post [36m302[0m 58.318 ms - 88[0m
[0mGET / [32m200[0m 31.676 ms - 7829[0m
[0mGET /like_script.js [33m404[0m 7.537 ms - 153[0m
[0mGET /like_script.js [33m404[0m 5.780 ms - 153[0m
[0mGET /likes/toogle/?id=63496fa60eca1bc9ae4cb222&type=Post [36m302[0m 38.723 ms - 88[0m
[0mGET / [32m200[0m 26.955 ms - 7829[0m
[0mGET /like_script.js [33m404[0m 5.193 ms - 153[0m
[0mGET /like_script.js [33m404[0m 4.500 ms - 153[0m
[0mGET / [32m200[0m 31.359 ms - 7891[0m
[0mGET /like_script.js [33m404[0m 20.202 ms - 153[0m
[0mGET /like_script.js [33m404[0m 14.160 ms - 153[0m
[0mGET /users/sign-out [36m302[0m 63.266 ms - 46[0m
[0mGET / [32m200[0m 49.335 ms - 5009[0m
[0mGET /users/sign-in [36m304[0m 9.254 ms - -[0m
[0mPOST /users/create-session [36m302[0m 7.884 ms - 46[0m
[0mGET / [32m200[0m 12.655 ms - 7891[0m
[0mGET /like_script.js [33m404[0m 5.001 ms - 153[0m
[0mGET /like_script.js [33m404[0m 6.267 ms - 153[0m
[0mGET / [31m500[0m 55.597 ms - 2174[0m
[0mGET / [31m500[0m 41.786 ms - 2174[0m
[0mGET / [31m500[0m 45.796 ms - 2174[0m
[0mGET / [31m500[0m 38.873 ms - 2174[0m
[0mGET / [31m500[0m 40.229 ms - 2174[0m
[0mPOST /users/create-session [36m302[0m 32.419 ms - 46[0m
[0mGET / [31m500[0m 34.761 ms - 2092[0m
[0mGET / [31m500[0m 16.976 ms - 2136[0m
[0mPOST /users/create-session [36m302[0m 52.758 ms - 46[0m
[0mGET / [31m500[0m 69.907 ms - 2125[0m
[0mPOST /users/create-session [36m302[0m 65.205 ms - 46[0m
[0mGET / [32m200[0m 75.564 ms - 7661[0m
[0mGET /likes/toogle/?id=63496fa60eca1bc9ae4cb222&type=Post [31m500[0m 79.983 ms - 1526[0m
[0mGET / [32m200[0m 114.721 ms - 7661[0m
[0mGET /likes/toogle/?id=63496fa60eca1bc9ae4cb222&type=Post [31m500[0m 84.639 ms - 35[0m
[0mGET /likes/toogle/?id=63496fa60eca1bc9ae4cb222&type=Post [36m302[0m 82.159 ms - 46[0m
[0mGET / [36m304[0m 44.299 ms - -[0m
[0mGET /likes/toogle/?id=63496fa60eca1bc9ae4cb222&type=Post [36m302[0m 63.631 ms - 46[0m
[0mGET / [32m200[0m 80.700 ms - 7661[0m
[0mGET /users/sign-out [36m302[0m 143.403 ms - 46[0m
[0mGET / [32m200[0m 89.424 ms - 5009[0m
[0mGET /users/sign-in [36m304[0m 14.965 ms - -[0m
[0mPOST /users/create-session [36m302[0m 24.393 ms - 46[0m
[0mGET / [32m200[0m 48.296 ms - 7661[0m
