[0mGET / [32m200[0m 137.250 ms - 4311[0m
[0mGET / [32m200[0m 97.037 ms - 4311[0m
[0mGET /users/sign-in [36m304[0m 17.313 ms - -[0m
[0mGET /users/auth/google [36m302[0m 22.688 ms - 0[0m
[0mGET /users/auth/google/callback?code=4%2F0ARtbsJpJLpK9gshbqLeBOohsJ6xMracvWgO-hMK3K29UrZ6EM4z_Kdj6sm9ROgl_OhDEUw&scope=email+profile+https%3A%2F%2Fwww.googleapis.com%2Fauth%2Fuserinfo.profile+https%3A%2F%2Fwww.googleapis.com%2Fauth%2Fuserinfo.email+openid&authuser=1&prompt=consent [36m302[0m 1526.920 ms - 46[0m
[0mGET / [32m200[0m 48.398 ms - 6459[0m
::1 - - [11/Oct/2022:13:38:11 +0000] "GET / HTTP/1.1" 200 4311 "-" "Mozilla/5.0 (Macintosh; Intel Mac OS X 10_15_7) AppleWebKit/605.1.15 (KHTML, like Gecko) Version/16.0 Safari/605.1.15"
::1 - - [11/Oct/2022:13:38:14 +0000] "GET /users/sign-in HTTP/1.1" 304 - "http://localhost:8000/" "Mozilla/5.0 (Macintosh; Intel Mac OS X 10_15_7) AppleWebKit/605.1.15 (KHTML, like Gecko) Version/16.0 Safari/605.1.15"
::1 - - [11/Oct/2022:13:38:17 +0000] "GET /users/auth/google HTTP/1.1" 302 0 "http://localhost:8000/users/sign-in" "Mozilla/5.0 (Macintosh; Intel Mac OS X 10_15_7) AppleWebKit/605.1.15 (KHTML, like Gecko) Version/16.0 Safari/605.1.15"
::1 - - [11/Oct/2022:13:38:22 +0000] "GET /users/auth/google/callback?code=4%2F0ARtbsJruz0ArMWhIk3OHwWUFTGVoVLi8uvpjxbG5-s3ZOuhnhZgqWAQOkKPXnKyGD9-5sQ&scope=email+profile+https%3A%2F%2Fwww.googleapis.com%2Fauth%2Fuserinfo.profile+https%3A%2F%2Fwww.googleapis.com%2Fauth%2Fuserinfo.email+openid&authuser=0&prompt=consent HTTP/1.1" 302 46 "-" "Mozilla/5.0 (Macintosh; Intel Mac OS X 10_15_7) AppleWebKit/605.1.15 (KHTML, like Gecko) Version/16.0 Safari/605.1.15"
::1 - - [11/Oct/2022:13:38:22 +0000] "GET / HTTP/1.1" 200 6508 "-" "Mozilla/5.0 (Macintosh; Intel Mac OS X 10_15_7) AppleWebKit/605.1.15 (KHTML, like Gecko) Version/16.0 Safari/605.1.15"
::1 - - [11/Oct/2022:13:38:26 +0000] "GET /likes/toogle/?id=6344397bb619d60e07f32f95&type=Comment HTTP/1.1" 302 88 "http://localhost:8000/" "Mozilla/5.0 (Macintosh; Intel Mac OS X 10_15_7) AppleWebKit/605.1.15 (KHTML, like Gecko) Version/16.0 Safari/605.1.15"
::1 - - [11/Oct/2022:13:38:26 +0000] "GET / HTTP/1.1" 200 6508 "http://localhost:8000/" "Mozilla/5.0 (Macintosh; Intel Mac OS X 10_15_7) AppleWebKit/605.1.15 (KHTML, like Gecko) Version/16.0 Safari/605.1.15"
::1 - - [11/Oct/2022:13:38:48 +0000] "GET / HTTP/1.1" 200 6508 "http://localhost:8000/" "Mozilla/5.0 (Macintosh; Intel Mac OS X 10_15_7) AppleWebKit/605.1.15 (KHTML, like Gecko) Version/16.0 Safari/605.1.15"
[0mGET / [32m200[0m 132.120 ms - 4311[0m
[0mGET /favicon.ico [33m404[0m 124.037 ms - 150[0m
[0mGET /users/sign-in [36m304[0m 18.346 ms - -[0m
[0mGET /users/auth/google [36m302[0m 30.794 ms - 0[0m
[0mGET /users/auth/google/callback?code=4%2F0ARtbsJqhI4QrMr3JHmHQCNrEXQoUkp8_W1O9ZT9rim-Sb78crCiBwxXQrNqPvaXF9BQ1UA&scope=email+profile+https%3A%2F%2Fwww.googleapis.com%2Fauth%2Fuserinfo.email+openid+https%3A%2F%2Fwww.googleapis.com%2Fauth%2Fuserinfo.profile&authuser=0&prompt=none [36m302[0m 1007.681 ms - 46[0m
[0mGET / [32m200[0m 50.314 ms - 6508[0m
[0mPOST /posts/create [36m302[0m 27.667 ms - 88[0m
[0mGET / [32m200[0m 38.825 ms - 7459[0m
[0mPOST /comments/create [36m302[0m 47.666 ms - 46[0m
[0mGET / [32m200[0m 27.514 ms - 7751[0m
[0mGET /likes/toogle/?id=6343065b64b381056685046e&type=Comment [36m302[0m 33.649 ms - 88[0m
[0mGET / [32m200[0m 24.959 ms - 7751[0m
[0mGET /likes/toogle/?id=634308524da2db9e4d87c97f&type=Comment [36m302[0m 37.971 ms - 88[0m
[0mGET / [32m200[0m 19.268 ms - 7751[0m
[0mGET /likes/toogle/?id=6343065b64b381056685046e&type=Comment [36m302[0m 40.217 ms - 88[0m
[0mGET / [32m200[0m 20.461 ms - 7751[0m
[0mGET /posts/destroy/6345a83e19b1efe9f85daf13 [36m302[0m 29.381 ms - 88[0m
[0mGET / [32m200[0m 32.041 ms - 6800[0m
[0mGET / [32m200[0m 45.103 ms - 4475[0m
[0mGET /users/sign-in [32m200[0m 8.829 ms - 328[0m
[0mPOST /users/create-session [36m302[0m 20.412 ms - 72[0m
[0mGET /users/sign-in [36m304[0m 3.400 ms - -[0m
[0mPOST /users/create-session [36m302[0m 18.556 ms - 46[0m
[0mGET / [32m200[0m 34.315 ms - 6787[0m
[0mGET /users/profilepage/63393b06b13178d3f63e4033 [32m200[0m 35.055 ms - 374[0m
[0mGET /users/profilepage/633c8a23b00bc5956de27207 [32m200[0m 38.668 ms - 361[0m
[0mGET /users/profilepage/632b37bcd4324a6759e56b4d [36m304[0m 13.546 ms - -[0m
[0mPOST /comments/create [36m302[0m 46.477 ms - 46[0m
[0mGET / [32m200[0m 20.924 ms - 7098[0m
[0mGET / [32m200[0m 183.774 ms - 4645[0m
[0mGET /favicon.ico [33m404[0m 17.692 ms - 150[0m
[0mGET / [32m200[0m 78.159 ms - 4654[0m
[0mGET / [36m304[0m 75.223 ms - -[0m
[0mGET / [36m304[0m 104.364 ms - -[0m
[0mGET / [36m304[0m 65.901 ms - -[0m
[0mGET / [36m304[0m 129.634 ms - -[0m
[0mGET / [36m304[0m 88.971 ms - -[0m
[0mGET / [36m304[0m 70.852 ms - -[0m
[0mGET / [36m304[0m 99.440 ms - -[0m
[0mGET / [36m304[0m 55.891 ms - -[0m
[0mGET / [36m304[0m 39.103 ms - -[0m
[0mGET / [36m304[0m 71.044 ms - -[0m
[0mGET / [36m304[0m 47.804 ms - -[0m
[0mGET / [32m200[0m 21.178 ms - 4660[0m
[0mGET / [36m304[0m 49.631 ms - -[0m
[0mGET / [36m304[0m 49.048 ms - -[0m
[0mGET / [36m304[0m 53.383 ms - -[0m
[0mGET / [36m304[0m 57.326 ms - -[0m
[0mGET / [32m200[0m 51.450 ms - 4723[0m
[0mGET /users/sign-in [36m304[0m 19.044 ms - -[0m
[0mPOST /users/create-session [36m302[0m 24.398 ms - 46[0m
[0mGET / [32m200[0m 18.695 ms - 7197[0m
[0mGET / [32m200[0m 49.392 ms - 7226[0m
[0mGET / [36m304[0m 34.899 ms - -[0m
[0mGET / [32m200[0m 45.871 ms - 7244[0m
[0mGET / [32m200[0m 63.569 ms - 7263[0m
[0mGET / [36m304[0m 52.724 ms - -[0m
[0mGET / [36m304[0m 39.823 ms - -[0m
[0mGET / [36m304[0m 23.701 ms - -[0m
[0mGET / [36m304[0m 49.554 ms - -[0m
[0mGET / [36m304[0m 34.836 ms - -[0m
[0mGET / [36m304[0m 37.984 ms - -[0m
[0mGET / [36m304[0m 56.270 ms - -[0m
[0mGET / [36m304[0m 51.703 ms - -[0m
[0mGET / [36m304[0m 32.140 ms - -[0m
[0mGET / [36m304[0m 56.434 ms - -[0m
[0mGET / [36m304[0m 84.313 ms - -[0m
[0mGET / [36m304[0m 55.890 ms - -[0m
[0mGET / [36m304[0m 54.435 ms - -[0m
[0mGET / [36m304[0m 34.048 ms - -[0m
[0mGET / [36m304[0m 48.599 ms - -[0m
[0mGET / [32m200[0m 23.049 ms - 7276[0m
[0mGET / [36m304[0m 44.407 ms - -[0m
[0mGET / [36m304[0m 46.325 ms - -[0m
[0mGET / [36m304[0m 25.949 ms - -[0m
[0mGET / [36m304[0m 44.989 ms - -[0m
[0mGET / [36m304[0m 39.972 ms - -[0m
[0mGET / [36m304[0m 49.682 ms - -[0m
[0mGET / [36m304[0m 22.313 ms - -[0m
[0mGET / [36m304[0m 61.452 ms - -[0m
[0mGET / [36m304[0m 43.863 ms - -[0m
[0mGET / [32m200[0m 54.137 ms - 7267[0m
[0mGET / [36m304[0m 52.389 ms - -[0m
[0mGET / [36m304[0m 35.123 ms - -[0m
[0mGET / [32m200[0m 50.126 ms - 7244[0m
[0mGET / [32m200[0m 51.946 ms - 7317[0m
[0mGET / [32m200[0m 43.670 ms - 7335[0m
[0mGET / [36m304[0m 37.375 ms - -[0m
[0mGET / [32m200[0m 40.547 ms - 7301[0m
[0mGET / [32m200[0m 44.657 ms - 7319[0m
[0mGET / [36m304[0m 41.432 ms - -[0m
[0mGET / [36m304[0m 141.086 ms - -[0m
[0mGET / [36m304[0m 43.273 ms - -[0m
[0mGET / [36m304[0m 54.584 ms - -[0m
[0mGET / [36m304[0m 52.774 ms - -[0m
[0mGET / [36m304[0m 41.277 ms - -[0m
[0mGET / [36m304[0m 34.899 ms - -[0m
[0mGET / [32m200[0m 46.575 ms - 7342[0m
[0mGET / [36m304[0m 101.752 ms - -[0m
[0mGET / [36m304[0m 58.659 ms - -[0m
[0mGET / [36m304[0m 53.075 ms - -[0m
[0mGET / [36m304[0m 36.865 ms - -[0m
[0mGET / [36m304[0m 57.366 ms - -[0m
[0mGET /? [32m200[0m 59.835 ms - 7342[0m
[0mGET /? [36m304[0m 41.961 ms - -[0m
[0mGET /? [36m304[0m 47.516 ms - -[0m
[0mGET /? [36m304[0m 53.209 ms - -[0m
[0mGET /? [36m304[0m 43.888 ms - -[0m
[0mGET /? [36m304[0m 47.080 ms - -[0m
[0mGET /? [36m304[0m 41.076 ms - -[0m
[0mGET /? [36m304[0m 38.700 ms - -[0m
[0mGET /? [36m304[0m 18.425 ms - -[0m
[0mGET /? [36m304[0m 47.383 ms - -[0m
[0mGET /? [36m304[0m 40.231 ms - -[0m
[0mGET /? [36m304[0m 44.362 ms - -[0m
[0mGET /? [36m304[0m 52.488 ms - -[0m
[0mGET /? [36m304[0m 42.313 ms - -[0m
[0mGET /? [36m304[0m 42.905 ms - -[0m
[0mGET /? [36m304[0m 31.227 ms - -[0m
[0mGET /? [36m304[0m 49.482 ms - -[0m
[0mGET /? [36m304[0m 44.637 ms - -[0m
[0mGET /? [36m304[0m 29.394 ms - -[0m
[0mGET /? [36m304[0m 47.271 ms - -[0m
[0mGET /? [36m304[0m 28.999 ms - -[0m
[0mGET /? [36m304[0m 41.697 ms - -[0m
[0mGET /? [36m304[0m 51.293 ms - -[0m
[0mGET /? [36m304[0m 15.898 ms - -[0m
[0mGET /? [36m304[0m 54.501 ms - -[0m
[0mGET /? [36m304[0m 40.094 ms - -[0m
[0mGET /? [36m304[0m 28.023 ms - -[0m
[0mGET /? [36m304[0m 43.125 ms - -[0m
[0mGET /? [36m304[0m 56.633 ms - -[0m
[0mGET /? [32m200[0m 52.436 ms - 7361[0m
[0mGET /? [36m304[0m 43.629 ms - -[0m
[0mGET /? [36m304[0m 89.409 ms - -[0m
[0mGET /? [36m304[0m 55.774 ms - -[0m
[0mGET /? [36m304[0m 54.349 ms - -[0m
[0mGET /? [36m304[0m 17.228 ms - -[0m
[0mGET /? [36m304[0m 46.351 ms - -[0m
[0mGET /? [36m304[0m 20.688 ms - -[0m
[0mGET /? [36m304[0m 32.170 ms - -[0m
[0mGET /? [36m304[0m 36.522 ms - -[0m
[0mGET /? [36m304[0m 51.443 ms - -[0m
[0mGET /? [36m304[0m 48.815 ms - -[0m
[0mGET /? [36m304[0m 43.597 ms - -[0m
[0mGET /? [36m304[0m 39.475 ms - -[0m
[0mGET /? [36m304[0m 47.841 ms - -[0m
[0mGET /? [36m304[0m 39.955 ms - -[0m
[0mGET /? [36m304[0m 35.274 ms - -[0m
[0mGET /? [36m304[0m 46.854 ms - -[0m
[0mGET /? [36m304[0m 33.588 ms - -[0m
[0mGET /? [36m304[0m 29.752 ms - -[0m
[0mGET /? [36m304[0m 37.311 ms - -[0m
[0mGET /? [36m304[0m 29.826 ms - -[0m
[0mGET /? [36m304[0m 32.087 ms - -[0m
[0mGET /? [36m304[0m 41.669 ms - -[0m
[0mGET /? [36m304[0m 40.169 ms - -[0m
[0mGET /? [36m304[0m 40.767 ms - -[0m
[0mGET /? [36m304[0m 53.632 ms - -[0m
[0mGET /? [36m304[0m 37.982 ms - -[0m
[0mGET /? [32m200[0m 42.368 ms - 7359[0m
[0mGET /? [36m304[0m 49.529 ms - -[0m
[0mGET /? [36m304[0m 44.338 ms - -[0m
[0mGET /? [36m304[0m 57.976 ms - -[0m
[0mGET /? [36m304[0m 38.489 ms - -[0m
[0mGET /? [36m304[0m 21.365 ms - -[0m
[0mGET /? [36m304[0m 59.299 ms - -[0m
[0mGET /? [36m304[0m 44.664 ms - -[0m
[0mGET /? [36m304[0m 31.570 ms - -[0m
[0mGET /? [32m200[0m 62.067 ms - 7368[0m
[0mGET /? [36m304[0m 67.061 ms - -[0m
[0mGET /? [36m304[0m 83.340 ms - -[0m
[0mGET /? [36m304[0m 60.425 ms - -[0m
[0mGET /? [36m304[0m 47.584 ms - -[0m
[0mGET /? [36m304[0m 55.974 ms - -[0m
[0mGET /? [36m304[0m 49.116 ms - -[0m
[0mGET /? [36m304[0m 39.236 ms - -[0m
[0mGET /? [36m304[0m 15.961 ms - -[0m
[0mGET /? [36m304[0m 43.824 ms - -[0m
[0mGET /? [36m304[0m 40.512 ms - -[0m
[0mGET /? [36m304[0m 54.060 ms - -[0m
[0mGET /? [36m304[0m 41.078 ms - -[0m
[0mGET /? [36m304[0m 28.897 ms - -[0m
[0mGET /? [36m304[0m 40.198 ms - -[0m
[0mGET /? [36m304[0m 36.009 ms - -[0m
[0mGET /? [36m304[0m 45.766 ms - -[0m
[0mGET /? [36m304[0m 44.511 ms - -[0m
[0mGET /? [36m304[0m 16.988 ms - -[0m
[0mGET /? [36m304[0m 49.236 ms - -[0m
[0mGET /? [36m304[0m 48.334 ms - -[0m
[0mGET /? [36m304[0m 53.053 ms - -[0m
[0mGET /? [36m304[0m 40.256 ms - -[0m
[0mGET /? [36m304[0m 52.921 ms - -[0m
[0mGET /? [36m304[0m 55.215 ms - -[0m
[0mGET /? [36m304[0m 46.787 ms - -[0m
[0mGET /? [36m304[0m 28.301 ms - -[0m
[0mGET /? [36m304[0m 31.850 ms - -[0m
[0mGET /? [36m304[0m 50.649 ms - -[0m
[0mGET /? [36m304[0m 25.494 ms - -[0m
[0mGET /? [36m304[0m 33.608 ms - -[0m
[0mGET /? [36m304[0m 21.805 ms - -[0m
[0mGET /? [36m304[0m 53.733 ms - -[0m
[0mGET /? [36m304[0m 47.901 ms - -[0m
[0mGET /? [36m304[0m 40.857 ms - -[0m
[0mGET /? [36m304[0m 42.258 ms - -[0m
[0mGET /? [32m200[0m 50.482 ms - 7359[0m
[0mGET /users/sign-out [36m302[0m 69.680 ms - 46[0m
[0mGET / [32m200[0m 28.477 ms - 4817[0m
[0mGET / [32m200[0m 48.590 ms - 4924[0m
[0mGET /users/sign-in [36m304[0m 6.385 ms - -[0m
[0mPOST /users/create-session [36m302[0m 21.197 ms - 46[0m
[0mGET / [32m200[0m 25.430 ms - 7369[0m
[0mGET /users/sign-out [36m302[0m 39.186 ms - 46[0m
[0mGET / [32m200[0m 30.493 ms - 4924[0m
[0mGET /users/sign-in [36m304[0m 4.599 ms - -[0m
[0mPOST /users/create-session [36m302[0m 12.808 ms - 72[0m
[0mGET /users/sign-in [36m304[0m 4.477 ms - -[0m
[0mGET /users/auth/google [36m302[0m 15.294 ms - 0[0m
[0mGET /users/auth/google/callback?code=4%2F0ARtbsJqMsbxZE_HVGrnRkd9UTy52Z319GDLM6T_kHeXAcJ3yGEfWJBNWdhF8VACAFgDRMg&scope=email+profile+https%3A%2F%2Fwww.googleapis.com%2Fauth%2Fuserinfo.profile+https%3A%2F%2Fwww.googleapis.com%2Fauth%2Fuserinfo.email+openid&authuser=0&prompt=none [36m302[0m 1123.051 ms - 46[0m
[0mGET / [32m200[0m 18.684 ms - 7382[0m
[0mGET /users/sign-out [36m302[0m 18.105 ms - 46[0m
[0mGET / [32m200[0m 35.500 ms - 4924[0m
[0mGET /users/sign-in [36m304[0m 5.280 ms - -[0m
[0mGET /users/auth/google [36m302[0m 5.195 ms - 0[0m
[0mGET /users/auth/google/callback?code=4%2F0ARtbsJrLMJQpVb11Jlje_LmXsYjmAgHahPGQD_CrAbxtbbVZ3dv0mXB4H84pd2i658V47w&scope=email+profile+https%3A%2F%2Fwww.googleapis.com%2Fauth%2Fuserinfo.profile+openid+https%3A%2F%2Fwww.googleapis.com%2Fauth%2Fuserinfo.email&authuser=0&prompt=none [36m302[0m 1043.907 ms - 46[0m
[0mGET / [32m200[0m 33.272 ms - 7382[0m
[0mGET /? [32m200[0m 61.262 ms - 7382[0m
[0mGET /? [32m200[0m 25.330 ms - 7376[0m
[0mGET /? [32m200[0m 58.322 ms - 7358[0m
[0mGET /? [32m200[0m 15.481 ms - 7403[0m
[0mGET /? [36m304[0m 45.430 ms - -[0m
[0mGET /? [32m200[0m 62.611 ms - 7434[0m
[0mGET /? [36m304[0m 52.546 ms - -[0m
[0mGET /? [32m200[0m 50.177 ms - 7591[0m
[0mGET /? [36m304[0m 31.679 ms - -[0m
[0mGET /? [36m304[0m 47.161 ms - -[0m
[0mGET /? [36m304[0m 50.006 ms - -[0m
[0mGET /? [36m304[0m 45.513 ms - -[0m
[0mGET /? [36m304[0m 61.856 ms - -[0m
[0mGET /? [36m304[0m 61.344 ms - -[0m
[0mGET /? [36m304[0m 45.072 ms - -[0m
[0mGET /? [36m304[0m 34.656 ms - -[0m
[0mGET /? [36m304[0m 44.243 ms - -[0m
[0mGET /? [36m304[0m 35.944 ms - -[0m
[0mGET /? [36m304[0m 34.597 ms - -[0m
[0mPOST /comments/create [36m302[0m 110.431 ms - 46[0m
[0mGET / [32m200[0m 72.516 ms - 7886[0m
[0mPOST /comments/create [36m302[0m 92.981 ms - 46[0m
[0mGET / [32m200[0m 45.000 ms - 8180[0m
[0mPOST /comments/create [36m302[0m 67.940 ms - 46[0m
[0mGET / [32m200[0m 41.706 ms - 8475[0m
[0mPOST /comments/create [36m302[0m 36.447 ms - 46[0m
[0mGET / [32m200[0m 32.092 ms - 8769[0m
[0mGET / [36m304[0m 39.322 ms - -[0m
[0mGET / [36m304[0m 43.731 ms - -[0m
[0mGET / [32m200[0m 69.518 ms - 8792[0m
[0mGET / [36m304[0m 52.719 ms - -[0m
[0mGET / [32m200[0m 45.230 ms - 8770[0m
[0mPOST /comments/create [36m302[0m 132.977 ms - 46[0m
[0mGET / [32m200[0m 1146.625 ms - 9063[0m
[0mPOST /comments/create [36m302[0m 63.047 ms - 46[0m
[0mGET / [32m200[0m 33.866 ms - 9355[0m
[0mPOST /comments/create [36m302[0m 35.481 ms - 46[0m
[0mGET / [32m200[0m 29.114 ms - 9648[0m
